#
# There is insufficient memory for the Java Runtime Environment to continue.
# Native memory allocation (mmap) failed to map 134217728 bytes for Failed to commit area from 0x0000000081800000 to 0x0000000089800000 of length 134217728.
# Possible reasons:
#   The system is out of physical RAM or swap space
#   The process is running with CompressedOops enabled, and the Java Heap may be blocking the growth of the native heap
# Possible solutions:
#   Reduce memory load on the system
#   Increase physical memory or swap space
#   Check if swap backing store is full
#   Decrease Java heap size (-Xmx/-Xms)
#   Decrease number of Java threads
#   Decrease Java thread stack sizes (-Xss)
#   Set larger code cache with -XX:ReservedCodeCacheSize=
# This output file may be truncated or incomplete.
#
#  Out of Memory Error (./src/hotspot/os/windows/os_windows.cpp:3521), pid=11372, tid=21712
#
# JRE version:  (11.0.12+7) (build )
# Java VM: OpenJDK 64-Bit Server VM (11.0.12+7-b1504.40, mixed mode, sharing, tiered, compressed oops, g1 gc, windows-amd64)
# No core dump will be written. Minidumps are not enabled by default on client versions of Windows
#

---------------  S U M M A R Y ------------

Command Line: git4idea.http.GitAskPassApp Password for 'https://DatTran9x@github.com': 

Host: Intel(R) Core(TM) i5-6300HQ CPU @ 2.30GHz, 4 cores, 7G,  Windows 10 , 64 bit Build 19041 (10.0.19041.1202)
Time: Fri Nov  5 10:00:33 2021 SE Asia Standard Time elapsed time: 0.077792 seconds (0d 0h 0m 0s)

---------------  T H R E A D  ---------------

Current thread (0x00000201bff9d000):  JavaThread "Unknown thread" [_thread_in_vm, id=21712, stack(0x000000b5a9800000,0x000000b5a9900000)]

Stack: [0x000000b5a9800000,0x000000b5a9900000]
Native frames: (J=compiled Java code, j=interpreted, Vv=VM code, C=native code)
V  [jvm.dll+0x5ff40a]
V  [jvm.dll+0x783b65]
V  [jvm.dll+0x78517d]
V  [jvm.dll+0x785833]
V  [jvm.dll+0x249408]
V  [jvm.dll+0x5fc7f4]
V  [jvm.dll+0x5f13c5]
V  [jvm.dll+0x3076bb]
V  [jvm.dll+0x30762a]
V  [jvm.dll+0x307502]
V  [jvm.dll+0x30c466]
V  [jvm.dll+0x355543]
V  [jvm.dll+0x355c46]
V  [jvm.dll+0x355643]
V  [jvm.dll+0x2e2018]
V  [jvm.dll+0x2e31c7]
V  [jvm.dll+0x761f57]
V  [jvm.dll+0x76374c]
V  [jvm.dll+0x362ab9]
V  [jvm.dll+0x7455be]
V  [jvm.dll+0x3cb673]
V  [jvm.dll+0x3cda21]
C  [jli.dll+0x536b]
C  [ucrtbase.dll+0x21bb2]
C  [KERNEL32.DLL+0x17034]
C  [ntdll.dll+0x52651]


---------------  P R O C E S S  ---------------

Threads class SMR info:
_java_thread_list=0x00000201bde019b0, length=0, elements={
}

Java Threads: ( => current thread )

Other Threads:
  0x00000201bffb6000 GCTaskThread "GC Thread#0" [stack: 0x000000b5a9900000,0x000000b5a9a00000] [id=22460]
  0x00000201bffe6000 ConcurrentGCThread "G1 Main Marker" [stack: 0x000000b5a9a00000,0x000000b5a9b00000] [id=2744]
  0x00000201bffe7800 ConcurrentGCThread "G1 Conc#0" [stack: 0x000000b5a9b00000,0x000000b5a9c00000] [id=19708]

[error occurred during error reporting (printing all threads), id 0xc0000005, EXCEPTION_ACCESS_VIOLATION (0xc0000005) at pc=0x00007ff9099c27a7]

VM state:not at safepoint (not fully initialized)

VM Mutex/Monitor currently owned by a thread:  ([mutex/lock_event])
[0x00000201bff99780] Heap_lock - owner thread: 0x00000201bff9d000

Heap address: 0x0000000081800000, size: 2024 MB, Compressed Oops mode: Non-zero based: 0x0000000081800000
Narrow klass base: 0x0000000000000000, Narrow klass shift: 0

GC Heap History (0 events):
No events

Deoptimization events (0 events):
No events

Classes redefined (0 events):
No events

Internal exceptions (0 events):
No events

Events (1 events):
Event: 0.028 Loaded shared library C:\Program Files\JetBrains\IntelliJ IDEA 2021.2.3\jbr\bin\zip.dll


Dynamic libraries:
0x00007ff7f0a10000 - 0x00007ff7f0a1a000 	C:\Program Files\JetBrains\IntelliJ IDEA 2021.2.3\jbr\bin\java.exe
0x00007ff951470000 - 0x00007ff951665000 	C:\WINDOWS\SYSTEM32\ntdll.dll
0x00007ff950560000 - 0x00007ff95061e000 	C:\WINDOWS\System32\KERNEL32.DLL
0x00007ff94efe0000 - 0x00007ff94f2a9000 	C:\WINDOWS\System32\KERNELBASE.dll
0x00007ff94ed30000 - 0x00007ff94ee30000 	C:\WINDOWS\System32\ucrtbase.dll
0x00007ff936620000 - 0x00007ff936639000 	C:\Program Files\JetBrains\IntelliJ IDEA 2021.2.3\jbr\bin\jli.dll
0x00007ff950760000 - 0x00007ff950901000 	C:\WINDOWS\System32\USER32.dll
0x00007ff94ec50000 - 0x00007ff94ec72000 	C:\WINDOWS\System32\win32u.dll
0x00007ff94f7a0000 - 0x00007ff94f7cb000 	C:\WINDOWS\System32\GDI32.dll
0x00007ff94ee30000 - 0x00007ff94ef3b000 	C:\WINDOWS\System32\gdi32full.dll
0x00007ff94ef40000 - 0x00007ff94efdd000 	C:\WINDOWS\System32\msvcp_win.dll
0x00007ff936440000 - 0x00007ff936457000 	C:\Program Files\JetBrains\IntelliJ IDEA 2021.2.3\jbr\bin\VCRUNTIME140.dll
0x00007ff94df60000 - 0x00007ff94e1fa000 	C:\WINDOWS\WinSxS\amd64_microsoft.windows.common-controls_6595b64144ccf1df_6.0.19041.1110_none_60b5254171f9507e\COMCTL32.dll
0x00007ff9509a0000 - 0x00007ff950a3e000 	C:\WINDOWS\System32\msvcrt.dll
0x00007ff9513a0000 - 0x00007ff9513d0000 	C:\WINDOWS\System32\IMM32.DLL
0x00007ff925a90000 - 0x00007ff925b2d000 	C:\Program Files\JetBrains\IntelliJ IDEA 2021.2.3\jbr\bin\msvcp140.dll
0x00007ff9096d0000 - 0x00007ff90a228000 	C:\Program Files\JetBrains\IntelliJ IDEA 2021.2.3\jbr\bin\server\jvm.dll
0x00007ff950f90000 - 0x00007ff95103c000 	C:\WINDOWS\System32\ADVAPI32.dll
0x00007ff94f700000 - 0x00007ff94f79b000 	C:\WINDOWS\System32\sechost.dll
0x00007ff950aa0000 - 0x00007ff950bca000 	C:\WINDOWS\System32\RPCRT4.dll
0x00007ff950730000 - 0x00007ff950738000 	C:\WINDOWS\System32\PSAPI.DLL
0x00007ff938130000 - 0x00007ff938139000 	C:\WINDOWS\SYSTEM32\WSOCK32.dll
0x00007ff950920000 - 0x00007ff95098b000 	C:\WINDOWS\System32\WS2_32.dll
0x00007ff93dbd0000 - 0x00007ff93dbf7000 	C:\WINDOWS\SYSTEM32\WINMM.dll
0x00007ff943110000 - 0x00007ff94311a000 	C:\WINDOWS\SYSTEM32\VERSION.dll
0x00007ff94ce10000 - 0x00007ff94ce22000 	C:\WINDOWS\SYSTEM32\kernel.appcore.dll
0x00007ff92eb20000 - 0x00007ff92eb31000 	C:\Program Files\JetBrains\IntelliJ IDEA 2021.2.3\jbr\bin\verify.dll
0x00007ff94e370000 - 0x00007ff94e554000 	C:\WINDOWS\SYSTEM32\DBGHELP.DLL
0x00007ff9331f0000 - 0x00007ff93321c000 	C:\WINDOWS\SYSTEM32\dbgcore.DLL
0x00007ff94ebc0000 - 0x00007ff94ec43000 	C:\WINDOWS\System32\bcryptPrimitives.dll
0x00007ff923150000 - 0x00007ff923179000 	C:\Program Files\JetBrains\IntelliJ IDEA 2021.2.3\jbr\bin\java.dll
0x00007ff94e350000 - 0x00007ff94e35b000 	C:\Program Files\JetBrains\IntelliJ IDEA 2021.2.3\jbr\bin\jimage.dll
0x00007ff92eae0000 - 0x00007ff92eaf8000 	C:\Program Files\JetBrains\IntelliJ IDEA 2021.2.3\jbr\bin\zip.dll

dbghelp: loaded successfully - version: 4.0.5 - missing functions: none
symbol engine: initialized successfully - sym options: 0x614 - pdb path: .;C:\Program Files\JetBrains\IntelliJ IDEA 2021.2.3\jbr\bin;C:\WINDOWS\SYSTEM32;C:\WINDOWS\WinSxS\amd64_microsoft.windows.common-controls_6595b64144ccf1df_6.0.19041.1110_none_60b5254171f9507e;C:\Program Files\JetBrains\IntelliJ IDEA 2021.2.3\jbr\bin\server

VM Arguments:
java_command: git4idea.http.GitAskPassApp Password for 'https://DatTran9x@github.com': 
java_class_path (initial): C:/Program Files/JetBrains/IntelliJ IDEA 2021.2.3/plugins/git4idea/lib/git4idea-rt.jar;C:/Program Files/JetBrains/IntelliJ IDEA 2021.2.3/lib/3rd-party.jar
Launcher Type: SUN_STANDARD

[Global flags]
     intx CICompilerCount                          = 3                                         {product} {ergonomic}
     uint ConcGCThreads                            = 1                                         {product} {ergonomic}
     uint G1ConcRefinementThreads                  = 4                                         {product} {ergonomic}
   size_t G1HeapRegionSize                         = 1048576                                   {product} {ergonomic}
    uintx GCDrainStackTargetSize                   = 64                                        {product} {ergonomic}
   size_t InitialHeapSize                          = 134217728                                 {product} {ergonomic}
   size_t MarkStackSize                            = 4194304                                   {product} {ergonomic}
   size_t MaxHeapSize                              = 2122317824                                {product} {ergonomic}
   size_t MinHeapDeltaBytes                        = 1048576                                   {product} {ergonomic}
    uintx NonNMethodCodeHeapSize                   = 5830732                                {pd product} {ergonomic}
    uintx NonProfiledCodeHeapSize                  = 122913754                              {pd product} {ergonomic}
    uintx ProfiledCodeHeapSize                     = 122913754                              {pd product} {ergonomic}
    uintx ReservedCodeCacheSize                    = 251658240                              {pd product} {ergonomic}
     bool SegmentedCodeCache                       = true                                      {product} {ergonomic}
     bool UseCompressedClassPointers               = true                                 {lp64_product} {ergonomic}
     bool UseCompressedOops                        = true                                 {lp64_product} {ergonomic}
     bool UseG1GC                                  = true                                      {product} {ergonomic}
     bool UseLargePagesIndividualAllocation        = false                                  {pd product} {ergonomic}

Logging:
Log output configuration:
 #0: stdout all=warning uptime,level,tags
 #1: stderr all=off uptime,level,tags

Environment Variables:
PATH=C:/Program Files/Git/mingw64/libexec/git-core;C:/Program Files/Git/mingw64/libexec/git-core;C:\Program Files\Git\mingw64\bin;C:\Program Files\Git\usr\bin;C:\Users\Admin\bin;C:\Python310\Scripts\;C:\Python310\;C:\Program Files (x86)\Intel\iCLS Client\;C:\Program Files\Intel\iCLS Client\;C:\Windows\system32;C:\Windows;C:\Windows\System32\Wbem;C:\Windows\System32\WindowsPowerShell\v1.0\;C:\Program Files (x86)\Intel\Intel(R) Management Engine Components\DAL;C:\Program Files\Intel\Intel(R) Management Engine Components\DAL;C:\Program Files (x86)\Intel\Intel(R) Management Engine Components\IPT;C:\Program Files\Intel\Intel(R) Management Engine Components\IPT;C:\Program Files\Intel\WiFi\bin\;C:\Program Files\Common Files\Intel\WirelessCommon\;C:\WINDOWS\system32;C:\WINDOWS;C:\WINDOWS\System32\Wbem;C:\WINDOWS\System32\WindowsPowerShell\v1.0\;C:\Program Files (x86)\NVIDIA Corporation\PhysX\Common;C:\WINDOWS\System32\OpenSSH\;C:\WINDOWS\system32;C:\WINDOWS;C:\WINDOWS\System32\Wbem;C:\WINDOWS\System32\WindowsPowerShell\v1.0\;C:\WINDOWS\System32\OpenSSH\;C:\Program Files\Git\cmd;C:\Program Files\nodejs\;C:\ProgramData\chocolatey\bin;C:\Users\Admin\AppData\Local\Programs\Python\Python36-32\Scripts\;C:\Users\Admin\AppData\Local\Programs\Python\Python36-32\;C:\Program Files\Intel\WiFi\bin\;C:\Program Files\Common Files\Intel\WirelessCommon\;C:\Users\Admin\AppData\Local\Microsoft\WindowsApps;C:\Users\Admin\AppData\Local\GitHubDesktop\bin;C:\Users\Admin\AppData\Roaming\npm
USERNAME=Admin
DISPLAY=:0.0
LC_ALL=en_US.UTF-8
OS=Windows_NT
PROCESSOR_IDENTIFIER=Intel64 Family 6 Model 94 Stepping 3, GenuineIntel



---------------  S Y S T E M  ---------------

OS: Windows 10 , 64 bit Build 19041 (10.0.19041.1202)
OS uptime: 0 days 12:16 hours

CPU:total 4 (initial active 4) (4 cores per cpu, 1 threads per core) family 6 model 94 stepping 3 microcode 0xcc, cmov, cx8, fxsr, mmx, sse, sse2, sse3, ssse3, sse4.1, sse4.2, popcnt, avx, avx2, aes, clmul, erms, rtm, 3dnowpref, lzcnt, tsc, tscinvbit, bmi1, bmi2, adx, fma

Memory: 4k page, system-wide physical 8088M (929M free)
TotalPageFile size 12184M (AvailPageFile size 112M)
current process WorkingSet (physical memory assigned to process): 9M, peak: 9M
current process commit charge ("private bytes"): 51M, peak: 179M

vm_info: OpenJDK 64-Bit Server VM (11.0.12+7-b1504.40) for windows-amd64 JRE (11.0.12+7-b1504.40), built on Sep 23 2021 14:38:03 by "" with MS VC++ 14.0 (VS2015)

END.
